<?xml version="1.0" encoding="UTF-8"?>
<!-- Generated by org.testng.reporters.JUnitReportReporter -->
<testsuite hostname="LAPTOP-F7RL5C13" failures="0" tests="10" name="testng_practice.Testng_1" time="0.038" errors="0" timestamp="21 Feb 2022 08:16:19 GMT" skipped="0">
  <testcase classname="testng_practice.Testng_1" name="A" time="0.013"/>
  <testcase classname="testng_practice.Testng_1" name="B" time="0.001"/>
  <testcase classname="testng_practice.Testng_1" name="at" time="0.003"/>
  <testcase classname="testng_practice.Testng_1" name="bt" time="0.002"/>
  <testcase classname="testng_practice.Testng_1" name="as" time="0.002"/>
  <testcase classname="testng_practice.Testng_1" name="bm" time="0.002"/>
  <testcase classname="testng_practice.Testng_1" name="bs" time="0.001"/>
  <testcase classname="testng_practice.Testng_1" name="ac" time="0.005"/>
  <testcase classname="testng_practice.Testng_1" name="am" time="0.004"/>
  <testcase classname="testng_practice.Testng_1" name="bc" time="0.005"/>
</testsuite> <!-- testng_practice.Testng_1 -->
