<?xml version="1.0" encoding="UTF-8"?>
<!-- Generated by org.testng.reporters.JUnitReportReporter -->
<testsuite hostname="LAPTOP-F7RL5C13" failures="0" tests="1" name="com.practice.Singleton" time="0.009" errors="0" timestamp="18 Feb 2022 06:57:49 GMT" skipped="0">
  <testcase classname="com.practice.Singleton" name="demo" time="0.009"/>
</testsuite> <!-- com.practice.Singleton -->
