<?xml version="1.0" encoding="UTF-8"?>
<!-- Generated by org.testng.reporters.JUnitReportReporter -->
<testsuite hostname="LAPTOP-F7RL5C13" failures="0" tests="4" name="testng_practice.Dataprovider1" time="0.011" errors="0" timestamp="22 Feb 2022 07:12:56 GMT" skipped="0">
  <testcase classname="testng_practice.Dataprovider1" name="travel" time="0.001"/>
  <testcase classname="testng_practice.Dataprovider1" name="travel" time="0.001"/>
  <testcase classname="testng_practice.Dataprovider1" name="travel" time="0.007"/>
  <testcase classname="testng_practice.Dataprovider1" name="travel" time="0.002"/>
</testsuite> <!-- testng_practice.Dataprovider1 -->
