<?xml version="1.0" encoding="UTF-8"?>
<!-- Generated by org.testng.reporters.JUnitReportReporter -->
<testsuite hostname="LAPTOP-F7RL5C13" failures="0" tests="8" name="com.practice.Dataprovider_Excel" time="0.033" errors="0" timestamp="22 Feb 2022 08:45:42 GMT" skipped="0">
  <testcase classname="com.practice.Dataprovider_Excel" name="readExceldata" time="0.002"/>
  <testcase classname="com.practice.Dataprovider_Excel" name="readExceldata" time="0.004"/>
  <testcase classname="com.practice.Dataprovider_Excel" name="readExceldata" time="0.003"/>
  <testcase classname="com.practice.Dataprovider_Excel" name="readExceldata" time="0.004"/>
  <testcase classname="com.practice.Dataprovider_Excel" name="readExceldata" time="0.002"/>
  <testcase classname="com.practice.Dataprovider_Excel" name="readExceldata" time="0.002"/>
  <testcase classname="com.practice.Dataprovider_Excel" name="readExceldata" time="0.011"/>
  <testcase classname="com.practice.Dataprovider_Excel" name="readExceldata" time="0.005"/>
</testsuite> <!-- com.practice.Dataprovider_Excel -->
