<?xml version="1.0" encoding="UTF-8"?>
<!-- Generated by org.testng.reporters.JUnitReportReporter -->
<testsuite hostname="LAPTOP-F7RL5C13" failures="0" tests="1" name="vtiger_Test_data.TC02_create_org" time="22.885" errors="0" timestamp="2022-02-26T15:53:53 IST" skipped="0">
  <testcase classname="vtiger_Test_data.TC02_create_org" name="create_org_ddd" time="22.885"/>
  <system-out/>
</testsuite> <!-- vtiger_Test_data.TC02_create_org -->
