<?xml version="1.0" encoding="UTF-8"?>
<!-- Generated by org.testng.reporters.JUnitReportReporter -->
<testsuite hostname="LAPTOP-F7RL5C13" failures="0" tests="8" name="testng_practice.Testng_Annotations" time="0.026" errors="0" timestamp="21 Feb 2022 08:06:29 GMT" skipped="0">
  <testcase classname="testng_practice.Testng_Annotations" name="bm" time="0.003"/>
  <testcase classname="testng_practice.Testng_Annotations" name="bs" time="0.002"/>
  <testcase classname="testng_practice.Testng_Annotations" name="bc" time="0.013"/>
  <testcase classname="testng_practice.Testng_Annotations" name="am" time="0.003"/>
  <testcase classname="testng_practice.Testng_Annotations" name="at" time="0.001"/>
  <testcase classname="testng_practice.Testng_Annotations" name="bt" time="0.001"/>
  <testcase classname="testng_practice.Testng_Annotations" name="as" time="0.002"/>
  <testcase classname="testng_practice.Testng_Annotations" name="ac" time="0.001"/>
</testsuite> <!-- testng_practice.Testng_Annotations -->
